# JRE version: OpenJDK Runtime Environment Temurin-21.0.10+7 (21.0.10+7) (build 21.0.10+7-LTS)
# Java VM: OpenJDK 64-Bit Server VM Temurin-21.0.10+7 (21.0.10+7-LTS, mixed mode, sharing, tiered, compressed oops, compressed class ptrs, parallel gc, windows-amd64)
GC Precious Log:
 CardTable entry size: 512
 CPUs: 16 total, 16 available
 Memory: 15772M
 Large Page Support: Disabled
 NUMA Support: Disabled
 Compressed Oops: Enabled (32-bit)
 Alignments: Space 512K, Generation 512K, Heap 2M
 Heap Min Capacity: 100M
 Heap Initial Capacity: 100M
 Heap Max Capacity: 2G
 Pre-touch: Disabled
 Parallel Workers: 13
Heap:
 PSYoungGen      total 2048K, used 633K [0x00000000d5580000, 0x00000000d5900000, 0x0000000100000000)
  eden space 1536K, 22% used [0x00000000d5580000,0x00000000d55d65b0,0x00000000d5700000)
  from space 512K, 56% used [0x00000000d5880000,0x00000000d58c8000,0x00000000d5900000)
  to   space 512K, 0% used [0x00000000d5800000,0x00000000d5800000,0x00000000d5880000)
 ParOldGen       total 517120K, used 516823K [0x0000000080000000, 0x000000009f900000, 0x00000000d5580000)
  object space 517120K, 99% used [0x0000000080000000,0x000000009f8b5d50,0x000000009f900000)
 Metaspace       used 72510K, committed 73984K, reserved 1179648K
  class space    used 7489K, committed 8064K, reserved 1048576K
GC Heap History (20 events):
Event: 22.367 GC heap before
{Heap before GC invocations=746 (full 3):
 PSYoungGen      total 2560K, used 2520K [0x00000000d5580000, 0x00000000d5a00000, 0x0000000100000000)
  eden space 2048K, 99% used [0x00000000d5580000,0x00000000d577e198,0x00000000d5780000)
  from space 512K, 93% used [0x00000000d5980000,0x00000000d59f8000,0x00000000d5a00000)
  to   space 512K, 0% used [0x00000000d5900000,0x00000000d5900000,0x00000000d5980000)
 ParOldGen       total 513024K, used 512566K [0x0000000080000000, 0x000000009f500000, 0x00000000d5580000)
  object space 513024K, 99% used [0x0000000080000000,0x000000009f48dba8,0x000000009f500000)
 Metaspace       used 72465K, committed 73920K, reserved 1179648K
  class space    used 7488K, committed 8064K, reserved 1048576K
}
Event: 22.369 GC heap after
{Heap after GC invocations=746 (full 3):
 PSYoungGen      total 2560K, used 384K [0x00000000d5580000, 0x00000000d5a00000, 0x0000000100000000)
  eden space 2048K, 0% used [0x00000000d5580000,0x00000000d5580000,0x00000000d5780000)
  from space 512K, 75% used [0x00000000d5900000,0x00000000d5960000,0x00000000d5980000)
  to   space 512K, 0% used [0x00000000d5980000,0x00000000d5980000,0x00000000d5a00000)
 ParOldGen       total 513024K, used 512854K [0x0000000080000000, 0x000000009f500000, 0x00000000d5580000)
  object space 513024K, 99% used [0x0000000080000000,0x000000009f4d5ba8,0x000000009f500000)
 Metaspace       used 72465K, committed 73920K, reserved 1179648K
  class space    used 7488K, committed 8064K, reserved 1048576K
}
Event: 22.378 GC heap before
{Heap before GC invocations=747 (full 3):
 PSYoungGen      total 2560K, used 2432K [0x00000000d5580000, 0x00000000d5a00000, 0x0000000100000000)
  eden space 2048K, 100% used [0x00000000d5580000,0x00000000d5780000,0x00000000d5780000)
  from space 512K, 75% used [0x00000000d5900000,0x00000000d5960000,0x00000000d5980000)
  to   space 512K, 0% used [0x00000000d5980000,0x00000000d5980000,0x00000000d5a00000)
 ParOldGen       total 513024K, used 512854K [0x0000000080000000, 0x000000009f500000, 0x00000000d5580000)
  object space 513024K, 99% used [0x0000000080000000,0x000000009f4d5ba8,0x000000009f500000)
 Metaspace       used 72465K, committed 73920K, reserved 1179648K
  class space    used 7488K, committed 8064K, reserved 1048576K
}
Event: 22.379 GC heap after
{Heap after GC invocations=747 (full 3):
 PSYoungGen      total 2560K, used 480K [0x00000000d5580000, 0x00000000d5a00000, 0x0000000100000000)
  eden space 2048K, 0% used [0x00000000d5580000,0x00000000d5580000,0x00000000d5780000)
  from space 512K, 93% used [0x00000000d5980000,0x00000000d59f8000,0x00000000d5a00000)
  to   space 512K, 0% used [0x00000000d5900000,0x00000000d5900000,0x00000000d5980000)
 ParOldGen       total 513536K, used 513126K [0x0000000080000000, 0x000000009f580000, 0x00000000d5580000)
  object space 513536K, 99% used [0x0000000080000000,0x000000009f519ba8,0x000000009f580000)
 Metaspace       used 72465K, committed 73920K, reserved 1179648K
  class space    used 7488K, committed 8064K, reserved 1048576K
}
Event: 22.387 GC heap before
{Heap before GC invocations=748 (full 3):
 PSYoungGen      total 2560K, used 2528K [0x00000000d5580000, 0x00000000d5a00000, 0x0000000100000000)
  eden space 2048K, 100% used [0x00000000d5580000,0x00000000d5780000,0x00000000d5780000)
  from space 512K, 93% used [0x00000000d5980000,0x00000000d59f8000,0x00000000d5a00000)
  to   space 512K, 0% used [0x00000000d5900000,0x00000000d5900000,0x00000000d5980000)
 ParOldGen       total 513536K, used 513126K [0x0000000080000000, 0x000000009f580000, 0x00000000d5580000)
  object space 513536K, 99% used [0x0000000080000000,0x000000009f519ba8,0x000000009f580000)
 Metaspace       used 72465K, committed 73920K, reserved 1179648K
  class space    used 7488K, committed 8064K, reserved 1048576K
}
Event: 22.389 GC heap after
{Heap after GC invocations=748 (full 3):
 PSYoungGen      total 2560K, used 416K [0x00000000d5580000, 0x00000000d5a00000, 0x0000000100000000)
  eden space 2048K, 0% used [0x00000000d5580000,0x00000000d5580000,0x00000000d5780000)
  from space 512K, 81% used [0x00000000d5900000,0x00000000d5968000,0x00000000d5980000)
  to   space 512K, 0% used [0x00000000d5980000,0x00000000d5980000,0x00000000d5a00000)
 ParOldGen       total 513536K, used 513396K [0x0000000080000000, 0x000000009f580000, 0x00000000d5580000)
  object space 513536K, 99% used [0x0000000080000000,0x000000009f55d1b8,0x000000009f580000)
 Metaspace       used 72465K, committed 73920K, reserved 1179648K
  class space    used 7488K, committed 8064K, reserved 1048576K
}
Event: 22.397 GC heap before
{Heap before GC invocations=749 (full 3):
 PSYoungGen      total 2560K, used 2464K [0x00000000d5580000, 0x00000000d5a00000, 0x0000000100000000)
  eden space 2048K, 100% used [0x00000000d5580000,0x00000000d5780000,0x00000000d5780000)
  from space 512K, 81% used [0x00000000d5900000,0x00000000d5968000,0x00000000d5980000)
  to   space 512K, 0% used [0x00000000d5980000,0x00000000d5980000,0x00000000d5a00000)
 ParOldGen       total 513536K, used 513396K [0x0000000080000000, 0x000000009f580000, 0x00000000d5580000)
  object space 513536K, 99% used [0x0000000080000000,0x000000009f55d1b8,0x000000009f580000)
 Metaspace       used 72465K, committed 73920K, reserved 1179648K
  class space    used 7488K, committed 8064K, reserved 1048576K
}
Event: 22.399 GC heap after
{Heap after GC invocations=749 (full 3):
 PSYoungGen      total 2560K, used 480K [0x00000000d5580000, 0x00000000d5a00000, 0x0000000100000000)
  eden space 2048K, 0% used [0x00000000d5580000,0x00000000d5580000,0x00000000d5780000)
  from space 512K, 93% used [0x00000000d5980000,0x00000000d59f8000,0x00000000d5a00000)
  to   space 512K, 0% used [0x00000000d5900000,0x00000000d5900000,0x00000000d5980000)
 ParOldGen       total 514048K, used 513628K [0x0000000080000000, 0x000000009f600000, 0x00000000d5580000)
  object space 514048K, 99% used [0x0000000080000000,0x000000009f5971b8,0x000000009f600000)
 Metaspace       used 72465K, committed 73920K, reserved 1179648K
  class space    used 7488K, committed 8064K, reserved 1048576K
}
Event: 22.408 GC heap before
{Heap before GC invocations=750 (full 3):
 PSYoungGen      total 2560K, used 2528K [0x00000000d5580000, 0x00000000d5a00000, 0x0000000100000000)
  eden space 2048K, 100% used [0x00000000d5580000,0x00000000d5780000,0x00000000d5780000)
  from space 512K, 93% used [0x00000000d5980000,0x00000000d59f8000,0x00000000d5a00000)
  to   space 512K, 0% used [0x00000000d5900000,0x00000000d5900000,0x00000000d5980000)
 ParOldGen       total 514048K, used 513628K [0x0000000080000000, 0x000000009f600000, 0x00000000d5580000)
  object space 514048K, 99% used [0x0000000080000000,0x000000009f5971b8,0x000000009f600000)
 Metaspace       used 72465K, committed 73920K, reserved 1179648K
  class space    used 7488K, committed 8064K, reserved 1048576K
}
Event: 22.410 GC heap after
{Heap after GC invocations=750 (full 3):
 PSYoungGen      total 2560K, used 448K [0x00000000d5580000, 0x00000000d5a00000, 0x0000000100000000)
  eden space 2048K, 0% used [0x00000000d5580000,0x00000000d5580000,0x00000000d5780000)
  from space 512K, 87% used [0x00000000d5900000,0x00000000d5970000,0x00000000d5980000)
  to   space 512K, 0% used [0x00000000d5980000,0x00000000d5980000,0x00000000d5a00000)
 ParOldGen       total 514048K, used 513892K [0x0000000080000000, 0x000000009f600000, 0x00000000d5580000)
  object space 514048K, 99% used [0x0000000080000000,0x000000009f5d91b8,0x000000009f600000)
 Metaspace       used 72465K, committed 73920K, reserved 1179648K
  class space    used 7488K, committed 8064K, reserved 1048576K
}
Event: 22.417 GC heap before
{Heap before GC invocations=751 (full 3):
 PSYoungGen      total 2560K, used 2496K [0x00000000d5580000, 0x00000000d5a00000, 0x0000000100000000)
  eden space 2048K, 100% used [0x00000000d5580000,0x00000000d5780000,0x00000000d5780000)
  from space 512K, 87% used [0x00000000d5900000,0x00000000d5970000,0x00000000d5980000)
  to   space 512K, 0% used [0x00000000d5980000,0x00000000d5980000,0x00000000d5a00000)
 ParOldGen       total 514048K, used 513892K [0x0000000080000000, 0x000000009f600000, 0x00000000d5580000)
  object space 514048K, 99% used [0x0000000080000000,0x000000009f5d91b8,0x000000009f600000)
 Metaspace       used 72465K, committed 73920K, reserved 1179648K
  class space    used 7488K, committed 8064K, reserved 1048576K
}
Event: 22.419 GC heap after
{Heap after GC invocations=751 (full 3):
 PSYoungGen      total 2560K, used 502K [0x00000000d5580000, 0x00000000d5a00000, 0x0000000100000000)
  eden space 2048K, 0% used [0x00000000d5580000,0x00000000d5580000,0x00000000d5780000)
  from space 512K, 98% used [0x00000000d5980000,0x00000000d59fd9f0,0x00000000d5a00000)
  to   space 1024K, 0% used [0x00000000d5800000,0x00000000d5800000,0x00000000d5900000)
 ParOldGen       total 514560K, used 514148K [0x0000000080000000, 0x000000009f680000, 0x00000000d5580000)
  object space 514560K, 99% used [0x0000000080000000,0x000000009f6191b8,0x000000009f680000)
 Metaspace       used 72465K, committed 73920K, reserved 1179648K
  class space    used 7488K, committed 8064K, reserved 1048576K
}
Event: 22.428 GC heap before
{Heap before GC invocations=752 (full 3):
 PSYoungGen      total 2560K, used 2550K [0x00000000d5580000, 0x00000000d5a00000, 0x0000000100000000)
  eden space 2048K, 100% used [0x00000000d5580000,0x00000000d5780000,0x00000000d5780000)
  from space 512K, 98% used [0x00000000d5980000,0x00000000d59fd9f0,0x00000000d5a00000)
  to   space 1024K, 0% used [0x00000000d5800000,0x00000000d5800000,0x00000000d5900000)
 ParOldGen       total 514560K, used 514148K [0x0000000080000000, 0x000000009f680000, 0x00000000d5580000)
  object space 514560K, 99% used [0x0000000080000000,0x000000009f6191b8,0x000000009f680000)
 Metaspace       used 72465K, committed 73920K, reserved 1179648K
  class space    used 7488K, committed 8064K, reserved 1048576K
}
Event: 22.430 GC heap after
{Heap after GC invocations=752 (full 3):
 PSYoungGen      total 3072K, used 384K [0x00000000d5580000, 0x00000000d5a00000, 0x0000000100000000)
  eden space 2048K, 0% used [0x00000000d5580000,0x00000000d5580000,0x00000000d5780000)
  from space 1024K, 37% used [0x00000000d5800000,0x00000000d5860000,0x00000000d5900000)
  to   space 1024K, 0% used [0x00000000d5900000,0x00000000d5900000,0x00000000d5a00000)
 ParOldGen       total 514560K, used 514436K [0x0000000080000000, 0x000000009f680000, 0x00000000d5580000)
  object space 514560K, 99% used [0x0000000080000000,0x000000009f6611b8,0x000000009f680000)
 Metaspace       used 72465K, committed 73920K, reserved 1179648K
  class space    used 7488K, committed 8064K, reserved 1048576K
}
Event: 22.452 GC heap before
{Heap before GC invocations=753 (full 3):
 PSYoungGen      total 3072K, used 2432K [0x00000000d5580000, 0x00000000d5a00000, 0x0000000100000000)
  eden space 2048K, 100% used [0x00000000d5580000,0x00000000d5780000,0x00000000d5780000)
  from space 1024K, 37% used [0x00000000d5800000,0x00000000d5860000,0x00000000d5900000)
  to   space 1024K, 0% used [0x00000000d5900000,0x00000000d5900000,0x00000000d5a00000)
 ParOldGen       total 514560K, used 514436K [0x0000000080000000, 0x000000009f680000, 0x00000000d5580000)
  object space 514560K, 99% used [0x0000000080000000,0x000000009f6611b8,0x000000009f680000)
 Metaspace       used 72465K, committed 73920K, reserved 1179648K
  class space    used 7488K, committed 8064K, reserved 1048576K
}
Event: 22.454 GC heap after
{Heap after GC invocations=753 (full 3):
 PSYoungGen      total 2560K, used 993K [0x00000000d5580000, 0x00000000d5b80000, 0x0000000100000000)
  eden space 1536K, 0% used [0x00000000d5580000,0x00000000d5580000,0x00000000d5700000)
  from space 1024K, 96% used [0x00000000d5900000,0x00000000d59f8400,0x00000000d5a00000)
  to   space 2048K, 0% used [0x00000000d5700000,0x00000000d5700000,0x00000000d5900000)
 ParOldGen       total 515072K, used 514881K [0x0000000080000000, 0x000000009f700000, 0x00000000d5580000)
  object space 515072K, 99% used [0x0000000080000000,0x000000009f6d0708,0x000000009f700000)
 Metaspace       used 72465K, committed 73920K, reserved 1179648K
  class space    used 7488K, committed 8064K, reserved 1048576K
}
Event: 22.495 GC heap before
{Heap before GC invocations=754 (full 3):
 PSYoungGen      total 2560K, used 2528K [0x00000000d5580000, 0x00000000d5b80000, 0x0000000100000000)
  eden space 1536K, 99% used [0x00000000d5580000,0x00000000d56fffd0,0x00000000d5700000)
  from space 1024K, 96% used [0x00000000d5900000,0x00000000d59f8400,0x00000000d5a00000)
  to   space 2048K, 0% used [0x00000000d5700000,0x00000000d5700000,0x00000000d5900000)
 ParOldGen       total 515072K, used 514881K [0x0000000080000000, 0x000000009f700000, 0x00000000d5580000)
  object space 515072K, 99% used [0x0000000080000000,0x000000009f6d0708,0x000000009f700000)
 Metaspace       used 72498K, committed 73920K, reserved 1179648K
  class space    used 7488K, committed 8064K, reserved 1048576K
}
Event: 22.497 GC heap after
{Heap after GC invocations=754 (full 3):
 PSYoungGen      total 2560K, used 536K [0x00000000d5580000, 0x00000000d5980000, 0x0000000100000000)
  eden space 1536K, 0% used [0x00000000d5580000,0x00000000d5580000,0x00000000d5700000)
  from space 1024K, 52% used [0x00000000d5700000,0x00000000d5786000,0x00000000d5800000)
  to   space 1024K, 0% used [0x00000000d5880000,0x00000000d5880000,0x00000000d5980000)
 ParOldGen       total 515584K, used 515437K [0x0000000080000000, 0x000000009f780000, 0x00000000d5580000)
  object space 515584K, 99% used [0x0000000080000000,0x000000009f75b518,0x000000009f780000)
 Metaspace       used 72498K, committed 73920K, reserved 1179648K
  class space    used 7488K, committed 8064K, reserved 1048576K
}
Event: 22.511 GC heap before
{Heap before GC invocations=755 (full 3):
 PSYoungGen      total 2560K, used 2072K [0x00000000d5580000, 0x00000000d5980000, 0x0000000100000000)
  eden space 1536K, 100% used [0x00000000d5580000,0x00000000d5700000,0x00000000d5700000)
  from space 1024K, 52% used [0x00000000d5700000,0x00000000d5786000,0x00000000d5800000)
  to   space 1024K, 0% used [0x00000000d5880000,0x00000000d5880000,0x00000000d5980000)
 ParOldGen       total 515584K, used 515437K [0x0000000080000000, 0x000000009f780000, 0x00000000d5580000)
  object space 515584K, 99% used [0x0000000080000000,0x000000009f75b518,0x000000009f780000)
 Metaspace       used 72507K, committed 73984K, reserved 1179648K
  class space    used 7489K, committed 8064K, reserved 1048576K
}
Event: 22.513 GC heap after
{Heap after GC invocations=755 (full 3):
 PSYoungGen      total 2560K, used 542K [0x00000000d5580000, 0x00000000d5980000, 0x0000000100000000)
  eden space 1536K, 0% used [0x00000000d5580000,0x00000000d5580000,0x00000000d5700000)
  from space 1024K, 52% used [0x00000000d5880000,0x00000000d59079f8,0x00000000d5980000)
  to   space 1024K, 0% used [0x00000000d5700000,0x00000000d5700000,0x00000000d5800000)
 ParOldGen       total 516096K, used 515743K [0x0000000080000000, 0x000000009f800000, 0x00000000d5580000)
  object space 516096K, 99% used [0x0000000080000000,0x000000009f7a7fc0,0x000000009f800000)
 Metaspace       used 72507K, committed 73984K, reserved 1179648K
  class space    used 7489K, committed 8064K, reserved 1048576K
}

